<?xml version="1.0" encoding="UTF-8"?>
<testng-results ignored="0" total="2" passed="2" failed="0" skipped="0">
  <reporter-output>
  </reporter-output>
  <suite started-at="2022-12-26T23:38:19 PST" name="Suite" finished-at="2022-12-26T23:38:20 PST" duration-ms="80">
    <groups>
    </groups>
    <test started-at="2022-12-26T23:38:19 PST" name="Test" finished-at="2022-12-26T23:38:20 PST" duration-ms="80">
      <class name="TestingNG.parallelTest">
        <test-method signature="test1()[pri:0, instance:TestingNG.parallelTest@74751b3]" started-at="2022-12-26T23:38:20 PST" name="test1" finished-at="2022-12-26T23:38:20 PST" duration-ms="17" status="PASS">
          <reporter-output>
          </reporter-output>
        </test-method> <!-- test1 -->
        <test-method signature="test2()[pri:0, instance:TestingNG.parallelTest@74751b3]" started-at="2022-12-26T23:38:20 PST" name="test2" finished-at="2022-12-26T23:38:20 PST" duration-ms="17" status="PASS">
          <reporter-output>
          </reporter-output>
        </test-method> <!-- test2 -->
      </class> <!-- TestingNG.parallelTest -->
    </test> <!-- Test -->
  </suite> <!-- Suite -->
</testng-results>
